Arguments: 
  D:\cmder\nodejs\node.exe D:\cmder\yarn\bin\yarn.js add app1.js

PATH: 
  D:\cmder\cmder\vendor\git-for-windows\mingw64\bin;D:\cmder\cmder\vendor\git-for-windows\usr\bin;C:\Users\25964\bin;C:\Program Files (x86)\Intel\Intel(R) Management Engine Components\iCLS;C:\Program Files\Intel\Intel(R) Management Engine Components\iCLS;C:\Windows\system32;C:\Windows;C:\Windows\System32\Wbem;C:\Windows\System32\WindowsPowerShell\v1.0;C:\Windows\System32\OpenSSH;C:\Program Files (x86)\Intel\Intel(R) Management Engine Components\DAL;C:\Program Files\Intel\Intel(R) Management Engine Components\DAL;C:\Program Files (x86)\Intel\Intel(R) Management Engine Components\IPT;C:\Program Files\Intel\Intel(R) Management Engine Components\IPT;C:\Program Files (x86)\NVIDIA Corporation\PhysX\Common;C:\WINDOWS\system32;C:\WINDOWS;C:\WINDOWS\System32\Wbem;C:\WINDOWS\System32\WindowsPowerShell\v1.0;C:\WINDOWS\System32\OpenSSH;C:\Program Files\NVIDIA Corporation\NVIDIA NvDLISR;C:\Program Files\Microsoft SQL Server\120\DTS\Binn;C:\Program Files\Microsoft SQL Server\Client SDK\ODBC\110\Tools\Binn;C:\Program Files (x86)\Microsoft SQL Server\120\Tools\Binn;C:\Program Files\Microsoft SQL Server\120\Tools\Binn;C:\Program Files (x86)\Microsoft SQL Server\120\Tools\Binn\ManagementStudio;C:\Program Files (x86)\Microsoft SQL Server\120\DTS\Binn;D:\cmder\nodejs;D:\cmder\yarn\bin;C:\Users\25964\AppData\Roaming\Microsoft\Windows\Start Menu\Programs\Python 3.9;C:\Windows\System32;C:\Program Files (x86)\NetSarang\Xshell 7;C:\Program Files (x86)\NetSarang\Xftp 7;C:\Users\25964\AppData\Local\Microsoft\WindowsApps;C:\Users\25964\AppData\Local\Programs\Microsoft VS Code\bin;C:\Users\25964\AppData\Roaming\npm;C:\Users\25964\AppData\Local\Yarn\bin

Yarn version: 
  1.22.5

Node version: 
  16.14.0

Platform: 
  win32 x64

Trace: 
  Error: https://registry.npm.taobao.org/app1.js: [NOT_FOUND] app1.js not found
      at Request.params.callback [as _callback] (D:\cmder\yarn\lib\cli.js:66097:18)
      at Request.self.callback (D:\cmder\yarn\lib\cli.js:140749:22)
      at Request.emit (node:events:520:28)
      at Request.<anonymous> (D:\cmder\yarn\lib\cli.js:141721:10)
      at Request.emit (node:events:520:28)
      at Gunzip.<anonymous> (D:\cmder\yarn\lib\cli.js:141643:12)
      at Object.onceWrapper (node:events:639:28)
      at Gunzip.emit (node:events:520:28)
      at endReadableNT (node:internal/streams/readable:1346:12)
      at processTicksAndRejections (node:internal/process/task_queues:83:21)

npm manifest: 
  {
    "name": "mvc-demo1",
    "version": "1.0.0",
    "main": "index.js",
    "license": "MIT",
    "dependencies": {
      "jquery": "^3.6.0"
    }
  }

yarn manifest: 
  No manifest

Lockfile: 
  # THIS IS AN AUTOGENERATED FILE. DO NOT EDIT THIS FILE DIRECTLY.
  # yarn lockfile v1
  
  
  jquery@^3.6.0:
    version "3.6.0"
    resolved "https://registry.npmmirror.com/jquery/-/jquery-3.6.0.tgz#c72a09f15c1bdce142f49dbf1170bdf8adac2470"
    integrity sha512-JVzAR/AjBvVt2BmYhxRCSYysDsPcssdmTFnzyLEts9qNwmjmu4JTAMYubEfwVOSwpQ1I1sKKFcxhZCI2buerfw==
